<?xml version="1.0" encoding="UTF-8"?>
<testsuite xmlns:xsi="http://www.w3.org/2001/XMLSchema-instance" xsi:noNamespaceSchemaLocation="https://maven.apache.org/surefire/maven-surefire-plugin/xsd/surefire-test-report.xsd" name="com.seeth.SpringAutoConfigurationApplicationTests" time="29.765" tests="1" errors="0" skipped="0" failures="0">
  <properties>
    <property name="sun.desktop" value="windows"/>
    <property name="awt.toolkit" value="sun.awt.windows.WToolkit"/>
    <property name="file.encoding.pkg" value="sun.io"/>
    <property name="java.specification.version" value="1.8"/>
    <property name="sun.cpu.isalist" value="amd64"/>
    <property name="sun.jnu.encoding" value="Cp1252"/>
    <property name="java.class.path" value="D:\Seethend\Spring-workspace\Spring-Boot\SpringAutoConfiguration\target\test-classes;D:\Seethend\Spring-workspace\Spring-Boot\SpringAutoConfiguration\target\classes;D:\MavenJars\org\springframework\boot\spring-boot-starter-web\2.0.4.RELEASE\spring-boot-starter-web-2.0.4.RELEASE.jar;D:\MavenJars\org\springframework\boot\spring-boot-starter\2.0.4.RELEASE\spring-boot-starter-2.0.4.RELEASE.jar;D:\MavenJars\org\springframework\boot\spring-boot\2.0.4.RELEASE\spring-boot-2.0.4.RELEASE.jar;D:\MavenJars\org\springframework\boot\spring-boot-autoconfigure\2.0.4.RELEASE\spring-boot-autoconfigure-2.0.4.RELEASE.jar;D:\MavenJars\org\springframework\boot\spring-boot-starter-logging\2.0.4.RELEASE\spring-boot-starter-logging-2.0.4.RELEASE.jar;D:\MavenJars\ch\qos\logback\logback-classic\1.2.3\logback-classic-1.2.3.jar;D:\MavenJars\ch\qos\logback\logback-core\1.2.3\logback-core-1.2.3.jar;D:\MavenJars\org\apache\logging\log4j\log4j-to-slf4j\2.10.0\log4j-to-slf4j-2.10.0.jar;D:\MavenJars\org\apache\logging\log4j\log4j-api\2.10.0\log4j-api-2.10.0.jar;D:\MavenJars\org\slf4j\jul-to-slf4j\1.7.25\jul-to-slf4j-1.7.25.jar;D:\MavenJars\javax\annotation\javax.annotation-api\1.3.2\javax.annotation-api-1.3.2.jar;D:\MavenJars\org\yaml\snakeyaml\1.19\snakeyaml-1.19.jar;D:\MavenJars\org\springframework\boot\spring-boot-starter-json\2.0.4.RELEASE\spring-boot-starter-json-2.0.4.RELEASE.jar;D:\MavenJars\com\fasterxml\jackson\core\jackson-databind\2.9.6\jackson-databind-2.9.6.jar;D:\MavenJars\com\fasterxml\jackson\core\jackson-annotations\2.9.0\jackson-annotations-2.9.0.jar;D:\MavenJars\com\fasterxml\jackson\core\jackson-core\2.9.6\jackson-core-2.9.6.jar;D:\MavenJars\com\fasterxml\jackson\datatype\jackson-datatype-jdk8\2.9.6\jackson-datatype-jdk8-2.9.6.jar;D:\MavenJars\com\fasterxml\jackson\datatype\jackson-datatype-jsr310\2.9.6\jackson-datatype-jsr310-2.9.6.jar;D:\MavenJars\com\fasterxml\jackson\module\jackson-module-parameter-names\2.9.6\jackson-module-parameter-names-2.9.6.jar;D:\MavenJars\org\springframework\boot\spring-boot-starter-tomcat\2.0.4.RELEASE\spring-boot-starter-tomcat-2.0.4.RELEASE.jar;D:\MavenJars\org\apache\tomcat\embed\tomcat-embed-core\8.5.32\tomcat-embed-core-8.5.32.jar;D:\MavenJars\org\apache\tomcat\embed\tomcat-embed-el\8.5.32\tomcat-embed-el-8.5.32.jar;D:\MavenJars\org\apache\tomcat\embed\tomcat-embed-websocket\8.5.32\tomcat-embed-websocket-8.5.32.jar;D:\MavenJars\org\hibernate\validator\hibernate-validator\6.0.11.Final\hibernate-validator-6.0.11.Final.jar;D:\MavenJars\javax\validation\validation-api\2.0.1.Final\validation-api-2.0.1.Final.jar;D:\MavenJars\org\jboss\logging\jboss-logging\3.3.2.Final\jboss-logging-3.3.2.Final.jar;D:\MavenJars\com\fasterxml\classmate\1.3.4\classmate-1.3.4.jar;D:\MavenJars\org\springframework\spring-web\5.0.8.RELEASE\spring-web-5.0.8.RELEASE.jar;D:\MavenJars\org\springframework\spring-beans\5.0.8.RELEASE\spring-beans-5.0.8.RELEASE.jar;D:\MavenJars\org\springframework\spring-webmvc\5.0.8.RELEASE\spring-webmvc-5.0.8.RELEASE.jar;D:\MavenJars\org\springframework\spring-aop\5.0.8.RELEASE\spring-aop-5.0.8.RELEASE.jar;D:\MavenJars\org\springframework\spring-context\5.0.8.RELEASE\spring-context-5.0.8.RELEASE.jar;D:\MavenJars\org\springframework\spring-expression\5.0.8.RELEASE\spring-expression-5.0.8.RELEASE.jar;D:\MavenJars\org\springframework\boot\spring-boot-starter-data-jpa\2.0.4.RELEASE\spring-boot-starter-data-jpa-2.0.4.RELEASE.jar;D:\MavenJars\org\springframework\boot\spring-boot-starter-aop\2.0.4.RELEASE\spring-boot-starter-aop-2.0.4.RELEASE.jar;D:\MavenJars\org\aspectj\aspectjweaver\1.8.13\aspectjweaver-1.8.13.jar;D:\MavenJars\org\springframework\boot\spring-boot-starter-jdbc\2.0.4.RELEASE\spring-boot-starter-jdbc-2.0.4.RELEASE.jar;D:\MavenJars\com\zaxxer\HikariCP\2.7.9\HikariCP-2.7.9.jar;D:\MavenJars\org\springframework\spring-jdbc\5.0.8.RELEASE\spring-jdbc-5.0.8.RELEASE.jar;D:\MavenJars\org\hibernate\hibernate-core\5.2.17.Final\hibernate-core-5.2.17.Final.jar;D:\MavenJars\org\hibernate\javax\persistence\hibernate-jpa-2.1-api\1.0.2.Final\hibernate-jpa-2.1-api-1.0.2.Final.jar;D:\MavenJars\org\javassist\javassist\3.22.0-GA\javassist-3.22.0-GA.jar;D:\MavenJars\antlr\antlr\2.7.7\antlr-2.7.7.jar;D:\MavenJars\org\jboss\jandex\2.0.3.Final\jandex-2.0.3.Final.jar;D:\MavenJars\dom4j\dom4j\1.6.1\dom4j-1.6.1.jar;D:\MavenJars\org\hibernate\common\hibernate-commons-annotations\5.0.1.Final\hibernate-commons-annotations-5.0.1.Final.jar;D:\MavenJars\javax\transaction\javax.transaction-api\1.2\javax.transaction-api-1.2.jar;D:\MavenJars\org\springframework\data\spring-data-jpa\2.0.9.RELEASE\spring-data-jpa-2.0.9.RELEASE.jar;D:\MavenJars\org\springframework\data\spring-data-commons\2.0.9.RELEASE\spring-data-commons-2.0.9.RELEASE.jar;D:\MavenJars\org\springframework\spring-orm\5.0.8.RELEASE\spring-orm-5.0.8.RELEASE.jar;D:\MavenJars\org\springframework\spring-tx\5.0.8.RELEASE\spring-tx-5.0.8.RELEASE.jar;D:\MavenJars\org\slf4j\slf4j-api\1.7.25\slf4j-api-1.7.25.jar;D:\MavenJars\org\springframework\spring-aspects\5.0.8.RELEASE\spring-aspects-5.0.8.RELEASE.jar;D:\MavenJars\mysql\mysql-connector-java\5.1.46\mysql-connector-java-5.1.46.jar;D:\MavenJars\org\springframework\boot\spring-boot-starter-test\2.0.4.RELEASE\spring-boot-starter-test-2.0.4.RELEASE.jar;D:\MavenJars\org\springframework\boot\spring-boot-test\2.0.4.RELEASE\spring-boot-test-2.0.4.RELEASE.jar;D:\MavenJars\org\springframework\boot\spring-boot-test-autoconfigure\2.0.4.RELEASE\spring-boot-test-autoconfigure-2.0.4.RELEASE.jar;D:\MavenJars\com\jayway\jsonpath\json-path\2.4.0\json-path-2.4.0.jar;D:\MavenJars\net\minidev\json-smart\2.3\json-smart-2.3.jar;D:\MavenJars\net\minidev\accessors-smart\1.2\accessors-smart-1.2.jar;D:\MavenJars\org\ow2\asm\asm\5.0.4\asm-5.0.4.jar;D:\MavenJars\junit\junit\4.12\junit-4.12.jar;D:\MavenJars\org\assertj\assertj-core\3.9.1\assertj-core-3.9.1.jar;D:\MavenJars\org\mockito\mockito-core\2.15.0\mockito-core-2.15.0.jar;D:\MavenJars\net\bytebuddy\byte-buddy\1.7.11\byte-buddy-1.7.11.jar;D:\MavenJars\net\bytebuddy\byte-buddy-agent\1.7.11\byte-buddy-agent-1.7.11.jar;D:\MavenJars\org\objenesis\objenesis\2.6\objenesis-2.6.jar;D:\MavenJars\org\hamcrest\hamcrest-core\1.3\hamcrest-core-1.3.jar;D:\MavenJars\org\hamcrest\hamcrest-library\1.3\hamcrest-library-1.3.jar;D:\MavenJars\org\skyscreamer\jsonassert\1.5.0\jsonassert-1.5.0.jar;D:\MavenJars\com\vaadin\external\google\android-json\0.0.20131108.vaadin1\android-json-0.0.20131108.vaadin1.jar;D:\MavenJars\org\springframework\spring-core\5.0.8.RELEASE\spring-core-5.0.8.RELEASE.jar;D:\MavenJars\org\springframework\spring-jcl\5.0.8.RELEASE\spring-jcl-5.0.8.RELEASE.jar;D:\MavenJars\org\springframework\spring-test\5.0.8.RELEASE\spring-test-5.0.8.RELEASE.jar;D:\MavenJars\org\xmlunit\xmlunit-core\2.5.1\xmlunit-core-2.5.1.jar;"/>
    <property name="java.vm.vendor" value="Oracle Corporation"/>
    <property name="sun.arch.data.model" value="64"/>
    <property name="user.variant" value=""/>
    <property name="java.vendor.url" value="http://java.oracle.com/"/>
    <property name="user.timezone" value=""/>
    <property name="java.vm.specification.version" value="1.8"/>
    <property name="os.name" value="Windows 10"/>
    <property name="user.country" value="US"/>
    <property name="sun.java.launcher" value="SUN_STANDARD"/>
    <property name="sun.boot.library.path" value="C:\Program Files\Java\jre1.8.0_161\bin"/>
    <property name="sun.java.command" value="C:\Users\DS0054~1\AppData\Local\Temp\surefire3388375677630994560\surefirebooter6979568622143991626.jar C:\Users\DS00543754\AppData\Local\Temp\surefire3388375677630994560 2018-09-04T19-25-10_431-jvmRun1 surefire3498950391402719025tmp surefire_07156684229536482735tmp"/>
    <property name="surefire.test.class.path" value="D:\Seethend\Spring-workspace\Spring-Boot\SpringAutoConfiguration\target\test-classes;D:\Seethend\Spring-workspace\Spring-Boot\SpringAutoConfiguration\target\classes;D:\MavenJars\org\springframework\boot\spring-boot-starter-web\2.0.4.RELEASE\spring-boot-starter-web-2.0.4.RELEASE.jar;D:\MavenJars\org\springframework\boot\spring-boot-starter\2.0.4.RELEASE\spring-boot-starter-2.0.4.RELEASE.jar;D:\MavenJars\org\springframework\boot\spring-boot\2.0.4.RELEASE\spring-boot-2.0.4.RELEASE.jar;D:\MavenJars\org\springframework\boot\spring-boot-autoconfigure\2.0.4.RELEASE\spring-boot-autoconfigure-2.0.4.RELEASE.jar;D:\MavenJars\org\springframework\boot\spring-boot-starter-logging\2.0.4.RELEASE\spring-boot-starter-logging-2.0.4.RELEASE.jar;D:\MavenJars\ch\qos\logback\logback-classic\1.2.3\logback-classic-1.2.3.jar;D:\MavenJars\ch\qos\logback\logback-core\1.2.3\logback-core-1.2.3.jar;D:\MavenJars\org\apache\logging\log4j\log4j-to-slf4j\2.10.0\log4j-to-slf4j-2.10.0.jar;D:\MavenJars\org\apache\logging\log4j\log4j-api\2.10.0\log4j-api-2.10.0.jar;D:\MavenJars\org\slf4j\jul-to-slf4j\1.7.25\jul-to-slf4j-1.7.25.jar;D:\MavenJars\javax\annotation\javax.annotation-api\1.3.2\javax.annotation-api-1.3.2.jar;D:\MavenJars\org\yaml\snakeyaml\1.19\snakeyaml-1.19.jar;D:\MavenJars\org\springframework\boot\spring-boot-starter-json\2.0.4.RELEASE\spring-boot-starter-json-2.0.4.RELEASE.jar;D:\MavenJars\com\fasterxml\jackson\core\jackson-databind\2.9.6\jackson-databind-2.9.6.jar;D:\MavenJars\com\fasterxml\jackson\core\jackson-annotations\2.9.0\jackson-annotations-2.9.0.jar;D:\MavenJars\com\fasterxml\jackson\core\jackson-core\2.9.6\jackson-core-2.9.6.jar;D:\MavenJars\com\fasterxml\jackson\datatype\jackson-datatype-jdk8\2.9.6\jackson-datatype-jdk8-2.9.6.jar;D:\MavenJars\com\fasterxml\jackson\datatype\jackson-datatype-jsr310\2.9.6\jackson-datatype-jsr310-2.9.6.jar;D:\MavenJars\com\fasterxml\jackson\module\jackson-module-parameter-names\2.9.6\jackson-module-parameter-names-2.9.6.jar;D:\MavenJars\org\springframework\boot\spring-boot-starter-tomcat\2.0.4.RELEASE\spring-boot-starter-tomcat-2.0.4.RELEASE.jar;D:\MavenJars\org\apache\tomcat\embed\tomcat-embed-core\8.5.32\tomcat-embed-core-8.5.32.jar;D:\MavenJars\org\apache\tomcat\embed\tomcat-embed-el\8.5.32\tomcat-embed-el-8.5.32.jar;D:\MavenJars\org\apache\tomcat\embed\tomcat-embed-websocket\8.5.32\tomcat-embed-websocket-8.5.32.jar;D:\MavenJars\org\hibernate\validator\hibernate-validator\6.0.11.Final\hibernate-validator-6.0.11.Final.jar;D:\MavenJars\javax\validation\validation-api\2.0.1.Final\validation-api-2.0.1.Final.jar;D:\MavenJars\org\jboss\logging\jboss-logging\3.3.2.Final\jboss-logging-3.3.2.Final.jar;D:\MavenJars\com\fasterxml\classmate\1.3.4\classmate-1.3.4.jar;D:\MavenJars\org\springframework\spring-web\5.0.8.RELEASE\spring-web-5.0.8.RELEASE.jar;D:\MavenJars\org\springframework\spring-beans\5.0.8.RELEASE\spring-beans-5.0.8.RELEASE.jar;D:\MavenJars\org\springframework\spring-webmvc\5.0.8.RELEASE\spring-webmvc-5.0.8.RELEASE.jar;D:\MavenJars\org\springframework\spring-aop\5.0.8.RELEASE\spring-aop-5.0.8.RELEASE.jar;D:\MavenJars\org\springframework\spring-context\5.0.8.RELEASE\spring-context-5.0.8.RELEASE.jar;D:\MavenJars\org\springframework\spring-expression\5.0.8.RELEASE\spring-expression-5.0.8.RELEASE.jar;D:\MavenJars\org\springframework\boot\spring-boot-starter-data-jpa\2.0.4.RELEASE\spring-boot-starter-data-jpa-2.0.4.RELEASE.jar;D:\MavenJars\org\springframework\boot\spring-boot-starter-aop\2.0.4.RELEASE\spring-boot-starter-aop-2.0.4.RELEASE.jar;D:\MavenJars\org\aspectj\aspectjweaver\1.8.13\aspectjweaver-1.8.13.jar;D:\MavenJars\org\springframework\boot\spring-boot-starter-jdbc\2.0.4.RELEASE\spring-boot-starter-jdbc-2.0.4.RELEASE.jar;D:\MavenJars\com\zaxxer\HikariCP\2.7.9\HikariCP-2.7.9.jar;D:\MavenJars\org\springframework\spring-jdbc\5.0.8.RELEASE\spring-jdbc-5.0.8.RELEASE.jar;D:\MavenJars\org\hibernate\hibernate-core\5.2.17.Final\hibernate-core-5.2.17.Final.jar;D:\MavenJars\org\hibernate\javax\persistence\hibernate-jpa-2.1-api\1.0.2.Final\hibernate-jpa-2.1-api-1.0.2.Final.jar;D:\MavenJars\org\javassist\javassist\3.22.0-GA\javassist-3.22.0-GA.jar;D:\MavenJars\antlr\antlr\2.7.7\antlr-2.7.7.jar;D:\MavenJars\org\jboss\jandex\2.0.3.Final\jandex-2.0.3.Final.jar;D:\MavenJars\dom4j\dom4j\1.6.1\dom4j-1.6.1.jar;D:\MavenJars\org\hibernate\common\hibernate-commons-annotations\5.0.1.Final\hibernate-commons-annotations-5.0.1.Final.jar;D:\MavenJars\javax\transaction\javax.transaction-api\1.2\javax.transaction-api-1.2.jar;D:\MavenJars\org\springframework\data\spring-data-jpa\2.0.9.RELEASE\spring-data-jpa-2.0.9.RELEASE.jar;D:\MavenJars\org\springframework\data\spring-data-commons\2.0.9.RELEASE\spring-data-commons-2.0.9.RELEASE.jar;D:\MavenJars\org\springframework\spring-orm\5.0.8.RELEASE\spring-orm-5.0.8.RELEASE.jar;D:\MavenJars\org\springframework\spring-tx\5.0.8.RELEASE\spring-tx-5.0.8.RELEASE.jar;D:\MavenJars\org\slf4j\slf4j-api\1.7.25\slf4j-api-1.7.25.jar;D:\MavenJars\org\springframework\spring-aspects\5.0.8.RELEASE\spring-aspects-5.0.8.RELEASE.jar;D:\MavenJars\mysql\mysql-connector-java\5.1.46\mysql-connector-java-5.1.46.jar;D:\MavenJars\org\springframework\boot\spring-boot-starter-test\2.0.4.RELEASE\spring-boot-starter-test-2.0.4.RELEASE.jar;D:\MavenJars\org\springframework\boot\spring-boot-test\2.0.4.RELEASE\spring-boot-test-2.0.4.RELEASE.jar;D:\MavenJars\org\springframework\boot\spring-boot-test-autoconfigure\2.0.4.RELEASE\spring-boot-test-autoconfigure-2.0.4.RELEASE.jar;D:\MavenJars\com\jayway\jsonpath\json-path\2.4.0\json-path-2.4.0.jar;D:\MavenJars\net\minidev\json-smart\2.3\json-smart-2.3.jar;D:\MavenJars\net\minidev\accessors-smart\1.2\accessors-smart-1.2.jar;D:\MavenJars\org\ow2\asm\asm\5.0.4\asm-5.0.4.jar;D:\MavenJars\junit\junit\4.12\junit-4.12.jar;D:\MavenJars\org\assertj\assertj-core\3.9.1\assertj-core-3.9.1.jar;D:\MavenJars\org\mockito\mockito-core\2.15.0\mockito-core-2.15.0.jar;D:\MavenJars\net\bytebuddy\byte-buddy\1.7.11\byte-buddy-1.7.11.jar;D:\MavenJars\net\bytebuddy\byte-buddy-agent\1.7.11\byte-buddy-agent-1.7.11.jar;D:\MavenJars\org\objenesis\objenesis\2.6\objenesis-2.6.jar;D:\MavenJars\org\hamcrest\hamcrest-core\1.3\hamcrest-core-1.3.jar;D:\MavenJars\org\hamcrest\hamcrest-library\1.3\hamcrest-library-1.3.jar;D:\MavenJars\org\skyscreamer\jsonassert\1.5.0\jsonassert-1.5.0.jar;D:\MavenJars\com\vaadin\external\google\android-json\0.0.20131108.vaadin1\android-json-0.0.20131108.vaadin1.jar;D:\MavenJars\org\springframework\spring-core\5.0.8.RELEASE\spring-core-5.0.8.RELEASE.jar;D:\MavenJars\org\springframework\spring-jcl\5.0.8.RELEASE\spring-jcl-5.0.8.RELEASE.jar;D:\MavenJars\org\springframework\spring-test\5.0.8.RELEASE\spring-test-5.0.8.RELEASE.jar;D:\MavenJars\org\xmlunit\xmlunit-core\2.5.1\xmlunit-core-2.5.1.jar;"/>
    <property name="sun.cpu.endian" value="little"/>
    <property name="user.home" value="C:\Users\DS00543754"/>
    <property name="user.language" value="en"/>
    <property name="java.specification.vendor" value="Oracle Corporation"/>
    <property name="java.home" value="C:\Program Files\Java\jre1.8.0_161"/>
    <property name="basedir" value="D:\Seethend\Spring-workspace\Spring-Boot\SpringAutoConfiguration"/>
    <property name="file.separator" value="\"/>
    <property name="line.separator" value="&#10;"/>
    <property name="java.vm.specification.vendor" value="Oracle Corporation"/>
    <property name="java.specification.name" value="Java Platform API Specification"/>
    <property name="java.awt.graphicsenv" value="sun.awt.Win32GraphicsEnvironment"/>
    <property name="surefire.real.class.path" value="C:\Users\DS0054~1\AppData\Local\Temp\surefire3388375677630994560\surefirebooter6979568622143991626.jar"/>
    <property name="sun.boot.class.path" value="C:\Program Files\Java\jre1.8.0_161\lib\resources.jar;C:\Program Files\Java\jre1.8.0_161\lib\rt.jar;C:\Program Files\Java\jre1.8.0_161\lib\sunrsasign.jar;C:\Program Files\Java\jre1.8.0_161\lib\jsse.jar;C:\Program Files\Java\jre1.8.0_161\lib\jce.jar;C:\Program Files\Java\jre1.8.0_161\lib\charsets.jar;C:\Program Files\Java\jre1.8.0_161\lib\jfr.jar;C:\Program Files\Java\jre1.8.0_161\classes"/>
    <property name="user.script" value=""/>
    <property name="sun.management.compiler" value="HotSpot 64-Bit Tiered Compilers"/>
    <property name="java.runtime.version" value="1.8.0_161-b12"/>
    <property name="user.name" value="ds00543754"/>
    <property name="path.separator" value=";"/>
    <property name="os.version" value="10.0"/>
    <property name="java.endorsed.dirs" value="C:\Program Files\Java\jre1.8.0_161\lib\endorsed"/>
    <property name="java.runtime.name" value="Java(TM) SE Runtime Environment"/>
    <property name="file.encoding" value="Cp1252"/>
    <property name="java.vm.name" value="Java HotSpot(TM) 64-Bit Server VM"/>
    <property name="localRepository" value="D:\MavenJars"/>
    <property name="java.vendor.url.bug" value="http://bugreport.sun.com/bugreport/"/>
    <property name="java.io.tmpdir" value="C:\Users\DS0054~1\AppData\Local\Temp\"/>
    <property name="java.version" value="1.8.0_161"/>
    <property name="user.dir" value="D:\Seethend\Spring-workspace\Spring-Boot\SpringAutoConfiguration"/>
    <property name="os.arch" value="amd64"/>
    <property name="java.vm.specification.name" value="Java Virtual Machine Specification"/>
    <property name="java.awt.printerjob" value="sun.awt.windows.WPrinterJob"/>
    <property name="sun.os.patch.level" value=""/>
    <property name="java.library.path" value="C:\Program Files\Java\jre1.8.0_161\bin;C:\Windows\Sun\Java\bin;C:\Windows\system32;C:\Windows;C:/Program Files/Java/jre1.8.0_161/bin/server;C:/Program Files/Java/jre1.8.0_161/bin;C:/Program Files/Java/jre1.8.0_161/lib/amd64;C:\ProgramData\Oracle\Java\javapath;C:\Windows\system32;C:\Windows;C:\Windows\System32\Wbem;C:\Windows\System32\WindowsPowerShell\v1.0\;C:\Program Files\nodejs\;C:\Program Files\Git\cmd;D:\Program Files\apache-maven-3.5.3\bin;C:\Program Files\Java\jdk1.8.0_161\bin;C:\Users\DS00543754\AppData\Roaming\npm\;C:\Users\DS00543754\AppData\Local\Programs\Python\Python37-32\Scripts;&quot;C:\Program Files\heroku\bin&quot;;D:\Seethend\eclipse-jee-photon-R-win32-x86_64\eclipse;;."/>
    <property name="java.vm.info" value="mixed mode"/>
    <property name="java.vendor" value="Oracle Corporation"/>
    <property name="java.vm.version" value="25.161-b12"/>
    <property name="java.ext.dirs" value="C:\Program Files\Java\jre1.8.0_161\lib\ext;C:\Windows\Sun\Java\lib\ext"/>
    <property name="sun.io.unicode.encoding" value="UnicodeLittle"/>
    <property name="java.class.version" value="52.0"/>
  </properties>
  <testcase name="whenSaveUser_thenOk" classname="com.seeth.SpringAutoConfigurationApplicationTests" time="13.266"/>
</testsuite>